Compiled jquery.js  (1ms)  (pid 1105)
Compiled jquery_ujs.js  (0ms)  (pid 1105)
Compiled raphael-min.js  (1ms)  (pid 1105)
Compiled static_pages.js  (53ms)  (pid 1105)
Compiled application.js  (94ms)  (pid 1105)
Compiled static_pages.css  (6ms)  (pid 1105)
Compiled application.css  (11ms)  (pid 1105)
Compiled jquery.js  (1ms)  (pid 1105)
Compiled jquery_ujs.js  (0ms)  (pid 1105)
Compiled raphael-min.js  (1ms)  (pid 1105)
Compiled static_pages.js  (51ms)  (pid 1105)
Compiled application.js  (91ms)  (pid 1105)
Compiled static_pages.css  (6ms)  (pid 1105)
Compiled application.css  (11ms)  (pid 1105)
Compiled jquery.js  (1ms)  (pid 1124)
Compiled jquery_ujs.js  (0ms)  (pid 1124)
Compiled raphael-min.js  (1ms)  (pid 1124)
Compiled static_pages.js  (64ms)  (pid 1124)
Compiled application.js  (108ms)  (pid 1124)
Compiled static_pages.css  (6ms)  (pid 1124)
Compiled application.css  (11ms)  (pid 1124)
Compiled jquery.js  (1ms)  (pid 1124)
Compiled jquery_ujs.js  (0ms)  (pid 1124)
Compiled raphael-min.js  (1ms)  (pid 1124)
Compiled static_pages.js  (57ms)  (pid 1124)
Compiled application.js  (96ms)  (pid 1124)
Compiled static_pages.css  (6ms)  (pid 1124)
Compiled application.css  (11ms)  (pid 1124)
Compiled jquery.js  (1ms)  (pid 1140)
Compiled jquery_ujs.js  (0ms)  (pid 1140)
Compiled raphael-min.js  (1ms)  (pid 1140)
Compiled static_pages.js  (56ms)  (pid 1140)
Compiled application.js  (98ms)  (pid 1140)
Compiled static_pages.css  (5ms)  (pid 1140)
Compiled application.css  (10ms)  (pid 1140)
Compiled jquery.js  (1ms)  (pid 1140)
Compiled jquery_ujs.js  (0ms)  (pid 1140)
Compiled raphael-min.js  (1ms)  (pid 1140)
Compiled static_pages.js  (55ms)  (pid 1140)
Compiled application.js  (97ms)  (pid 1140)
Compiled static_pages.css  (6ms)  (pid 1140)
Compiled application.css  (11ms)  (pid 1140)
Compiled jquery.js  (1ms)  (pid 1155)
Compiled jquery_ujs.js  (0ms)  (pid 1155)
Compiled raphael-min.js  (0ms)  (pid 1155)
Compiled static_pages.js  (57ms)  (pid 1155)
Compiled application.js  (95ms)  (pid 1155)
Compiled static_pages.css  (6ms)  (pid 1155)
Compiled application.css  (12ms)  (pid 1155)
Compiled jquery.js  (1ms)  (pid 1155)
Compiled jquery_ujs.js  (0ms)  (pid 1155)
Compiled raphael-min.js  (0ms)  (pid 1155)
Compiled static_pages.js  (57ms)  (pid 1155)
Compiled application.js  (96ms)  (pid 1155)
Compiled static_pages.css  (20ms)  (pid 1155)
Compiled application.css  (26ms)  (pid 1155)
Compiled jquery.js  (1ms)  (pid 1170)
Compiled jquery_ujs.js  (0ms)  (pid 1170)
Compiled raphael-min.js  (1ms)  (pid 1170)
Compiled static_pages.js  (60ms)  (pid 1170)
Compiled application.js  (100ms)  (pid 1170)
Compiled static_pages.css  (6ms)  (pid 1170)
Compiled application.css  (11ms)  (pid 1170)
Compiled jquery.js  (1ms)  (pid 1170)
Compiled jquery_ujs.js  (0ms)  (pid 1170)
Compiled raphael-min.js  (1ms)  (pid 1170)
Compiled static_pages.js  (58ms)  (pid 1170)
Compiled application.js  (99ms)  (pid 1170)
Compiled static_pages.css  (6ms)  (pid 1170)
Compiled application.css  (10ms)  (pid 1170)
Compiled jquery.js  (1ms)  (pid 1184)
Compiled jquery_ujs.js  (0ms)  (pid 1184)
Compiled raphael-min.js  (0ms)  (pid 1184)
Compiled static_pages.js  (57ms)  (pid 1184)
Compiled application.js  (97ms)  (pid 1184)
Compiled static_pages.css  (6ms)  (pid 1184)
Compiled application.css  (11ms)  (pid 1184)
Compiled jquery.js  (1ms)  (pid 1184)
Compiled jquery_ujs.js  (0ms)  (pid 1184)
Compiled raphael-min.js  (0ms)  (pid 1184)
Compiled static_pages.js  (55ms)  (pid 1184)
Compiled application.js  (88ms)  (pid 1184)
Compiled static_pages.css  (19ms)  (pid 1184)
Compiled application.css  (24ms)  (pid 1184)
Compiled jquery.js  (1ms)  (pid 1264)
Compiled jquery_ujs.js  (0ms)  (pid 1264)
Compiled raphael-min.js  (1ms)  (pid 1264)
Compiled static_pages.js  (57ms)  (pid 1264)
Compiled application.js  (96ms)  (pid 1264)
Compiled static_pages.css  (6ms)  (pid 1264)
Compiled application.css  (11ms)  (pid 1264)
Compiled jquery.js  (1ms)  (pid 1264)
Compiled jquery_ujs.js  (0ms)  (pid 1264)
Compiled raphael-min.js  (1ms)  (pid 1264)
Compiled static_pages.js  (51ms)  (pid 1264)
Compiled application.js  (87ms)  (pid 1264)
Compiled static_pages.css  (6ms)  (pid 1264)
Compiled application.css  (11ms)  (pid 1264)
Compiled jquery.js  (1ms)  (pid 1287)
Compiled jquery_ujs.js  (0ms)  (pid 1287)
Compiled raphael-min.js  (1ms)  (pid 1287)
Compiled static_pages.js  (61ms)  (pid 1287)
Compiled application.js  (104ms)  (pid 1287)
Compiled static_pages.css  (6ms)  (pid 1287)
Compiled application.css  (11ms)  (pid 1287)
Compiled jquery.js  (1ms)  (pid 1287)
Compiled jquery_ujs.js  (0ms)  (pid 1287)
Compiled raphael-min.js  (1ms)  (pid 1287)
Compiled static_pages.js  (52ms)  (pid 1287)
Compiled application.js  (87ms)  (pid 1287)
Compiled static_pages.css  (6ms)  (pid 1287)
Compiled application.css  (11ms)  (pid 1287)
Compiled jquery.js  (1ms)  (pid 1273)
Compiled jquery_ujs.js  (0ms)  (pid 1273)
Compiled raphael-min.js  (1ms)  (pid 1273)
Compiled raphael.draggable.js  (0ms)  (pid 1273)
Compiled static_pages.js  (69ms)  (pid 1273)
Compiled application.js  (123ms)  (pid 1273)
Compiled static_pages.css  (11ms)  (pid 1273)
Compiled application.css  (17ms)  (pid 1273)
Compiled jquery.js  (1ms)  (pid 1273)
Compiled jquery_ujs.js  (0ms)  (pid 1273)
Compiled raphael-min.js  (1ms)  (pid 1273)
Compiled raphael.draggable.js  (0ms)  (pid 1273)
Compiled static_pages.js  (55ms)  (pid 1273)
Compiled application.js  (95ms)  (pid 1273)
Compiled static_pages.css  (6ms)  (pid 1273)
Compiled application.css  (11ms)  (pid 1273)
